# JRE version: Java(TM) SE Runtime Environment (8.0_131-b11) (build 1.8.0_131-b11)
# Java VM: Java HotSpot(TM) 64-Bit Server VM (25.131-b11 mixed mode windows-amd64 compressed oops)
Heap:
 PSYoungGen      total 358912K, used 94229K [0x00000000d5c00000, 0x00000000ecd80000, 0x0000000100000000)
  eden space 339456K, 22% used [0x00000000d5c00000,0x00000000da5c57e8,0x00000000ea780000)
  from space 19456K, 96% used [0x00000000eba80000,0x00000000eccbfe70,0x00000000ecd80000)
  to   space 512K, 0% used [0x00000000eb280000,0x00000000eb280000,0x00000000eb300000)
 ParOldGen       total 81920K, used 20042K [0x0000000081400000, 0x0000000086400000, 0x00000000d5c00000)
  object space 81920K, 24% used [0x0000000081400000,0x0000000082792bf8,0x0000000086400000)
 Metaspace       used 55874K, capacity 60452K, committed 60800K, reserved 1103872K
  class space    used 7967K, capacity 8727K, committed 8832K, reserved 1048576K
GC Heap History (10 events):
Event: 39.244 GC heap before
{Heap before GC invocations=16 (full 4):
 PSYoungGen      total 344064K, used 8334K [0x00000000d5c00000, 0x00000000ed680000, 0x0000000100000000)
  eden space 325632K, 2% used [0x00000000d5c00000,0x00000000d6423b48,0x00000000e9a00000)
  from space 18432K, 0% used [0x00000000eb280000,0x00000000eb280000,0x00000000ec480000)
  to   space 14848K, 0% used [0x00000000ec800000,0x00000000ec800000,0x00000000ed680000)
 ParOldGen       total 81920K, used 24932K [0x0000000081400000, 0x0000000086400000, 0x00000000d5c00000)
  object space 81920K, 30% used [0x0000000081400000,0x0000000082c59128,0x0000000086400000)
 Metaspace       used 47528K, capacity 50390K, committed 50560K, reserved 1099776K
  class space    used 6658K, capacity 7208K, committed 7296K, reserved 1048576K
Event: 39.246 GC heap after
Heap after GC invocations=16 (full 4):
 PSYoungGen      total 340480K, used 160K [0x00000000d5c00000, 0x00000000ed680000, 0x0000000100000000)
  eden space 325632K, 0% used [0x00000000d5c00000,0x00000000d5c00000,0x00000000e9a00000)
  from space 14848K, 1% used [0x00000000ec800000,0x00000000ec828000,0x00000000ed680000)
  to   space 18432K, 0% used [0x00000000eb280000,0x00000000eb280000,0x00000000ec480000)
 ParOldGen       total 81920K, used 24932K [0x0000000081400000, 0x0000000086400000, 0x00000000d5c00000)
  object space 81920K, 30% used [0x0000000081400000,0x0000000082c59128,0x0000000086400000)
 Metaspace       used 47528K, capacity 50390K, committed 50560K, reserved 1099776K
  class space    used 6658K, capacity 7208K, committed 7296K, reserved 1048576K
}
Event: 39.246 GC heap before
{Heap before GC invocations=17 (full 5):
 PSYoungGen      total 340480K, used 160K [0x00000000d5c00000, 0x00000000ed680000, 0x0000000100000000)
  eden space 325632K, 0% used [0x00000000d5c00000,0x00000000d5c00000,0x00000000e9a00000)
  from space 14848K, 1% used [0x00000000ec800000,0x00000000ec828000,0x00000000ed680000)
  to   space 18432K, 0% used [0x00000000eb280000,0x00000000eb280000,0x00000000ec480000)
 ParOldGen       total 81920K, used 24932K [0x0000000081400000, 0x0000000086400000, 0x00000000d5c00000)
  object space 81920K, 30% used [0x0000000081400000,0x0000000082c59128,0x0000000086400000)
 Metaspace       used 47528K, capacity 50390K, committed 50560K, reserved 1099776K
  class space    used 6658K, capacity 7208K, committed 7296K, reserved 1048576K
Event: 39.332 GC heap after
Heap after GC invocations=17 (full 5):
 PSYoungGen      total 340480K, used 0K [0x00000000d5c00000, 0x00000000ed680000, 0x0000000100000000)
  eden space 325632K, 0% used [0x00000000d5c00000,0x00000000d5c00000,0x00000000e9a00000)
  from space 14848K, 0% used [0x00000000ec800000,0x00000000ec800000,0x00000000ed680000)
  to   space 18432K, 0% used [0x00000000eb280000,0x00000000eb280000,0x00000000ec480000)
 ParOldGen       total 81920K, used 23590K [0x0000000081400000, 0x0000000086400000, 0x00000000d5c00000)
  object space 81920K, 28% used [0x0000000081400000,0x0000000082b09ad8,0x0000000086400000)
 Metaspace       used 47528K, capacity 50390K, committed 50560K, reserved 1095680K
  class space    used 6658K, capacity 7208K, committed 7296K, reserved 1048576K
}
Event: 39.332 GC heap before
{Heap before GC invocations=18 (full 5):
 PSYoungGen      total 340480K, used 0K [0x00000000d5c00000, 0x00000000ed680000, 0x0000000100000000)
  eden space 325632K, 0% used [0x00000000d5c00000,0x00000000d5c00000,0x00000000e9a00000)
  from space 14848K, 0% used [0x00000000ec800000,0x00000000ec800000,0x00000000ed680000)
  to   space 18432K, 0% used [0x00000000eb280000,0x00000000eb280000,0x00000000ec480000)
 ParOldGen       total 81920K, used 23590K [0x0000000081400000, 0x0000000086400000, 0x00000000d5c00000)
  object space 81920K, 28% used [0x0000000081400000,0x0000000082b09ad8,0x0000000086400000)
 Metaspace       used 47528K, capacity 50390K, committed 50560K, reserved 1099776K
  class space    used 6658K, capacity 7208K, committed 7296K, reserved 1048576K
Event: 39.336 GC heap after
Heap after GC invocations=18 (full 5):
 PSYoungGen      total 339968K, used 0K [0x00000000d5c00000, 0x00000000ecd80000, 0x0000000100000000)
  eden space 339456K, 0% used [0x00000000d5c00000,0x00000000d5c00000,0x00000000ea780000)
  from space 512K, 0% used [0x00000000eb280000,0x00000000eb280000,0x00000000eb300000)
  to   space 19456K, 0% used [0x00000000eba80000,0x00000000eba80000,0x00000000ecd80000)
 ParOldGen       total 81920K, used 23590K [0x0000000081400000, 0x0000000086400000, 0x00000000d5c00000)
  object space 81920K, 28% used [0x0000000081400000,0x0000000082b09ad8,0x0000000086400000)
 Metaspace       used 47528K, capacity 50390K, committed 50560K, reserved 1099776K
  class space    used 6658K, capacity 7208K, committed 7296K, reserved 1048576K
}
Event: 39.336 GC heap before
{Heap before GC invocations=19 (full 6):
 PSYoungGen      total 339968K, used 0K [0x00000000d5c00000, 0x00000000ecd80000, 0x0000000100000000)
  eden space 339456K, 0% used [0x00000000d5c00000,0x00000000d5c00000,0x00000000ea780000)
  from space 512K, 0% used [0x00000000eb280000,0x00000000eb280000,0x00000000eb300000)
  to   space 19456K, 0% used [0x00000000eba80000,0x00000000eba80000,0x00000000ecd80000)
 ParOldGen       total 81920K, used 23590K [0x0000000081400000, 0x0000000086400000, 0x00000000d5c00000)
  object space 81920K, 28% used [0x0000000081400000,0x0000000082b09ad8,0x0000000086400000)
 Metaspace       used 47528K, capacity 50390K, committed 50560K, reserved 1099776K
  class space    used 6658K, capacity 7208K, committed 7296K, reserved 1048576K
Event: 39.521 GC heap after
Heap after GC invocations=19 (full 6):
 PSYoungGen      total 339968K, used 0K [0x00000000d5c00000, 0x00000000ecd80000, 0x0000000100000000)
  eden space 339456K, 0% used [0x00000000d5c00000,0x00000000d5c00000,0x00000000ea780000)
  from space 512K, 0% used [0x00000000eb280000,0x00000000eb280000,0x00000000eb300000)
  to   space 19456K, 0% used [0x00000000eba80000,0x00000000eba80000,0x00000000ecd80000)
 ParOldGen       total 81920K, used 20034K [0x0000000081400000, 0x0000000086400000, 0x00000000d5c00000)
  object space 81920K, 24% used [0x0000000081400000,0x0000000082790bf8,0x0000000086400000)
 Metaspace       used 47272K, capacity 49974K, committed 50560K, reserved 1095680K
  class space    used 6615K, capacity 7130K, committed 7296K, reserved 1048576K
}
Event: 44.763 GC heap before
{Heap before GC invocations=20 (full 6):
 PSYoungGen      total 339968K, used 339456K [0x00000000d5c00000, 0x00000000ecd80000, 0x0000000100000000)
  eden space 339456K, 100% used [0x00000000d5c00000,0x00000000ea780000,0x00000000ea780000)
  from space 512K, 0% used [0x00000000eb280000,0x00000000eb280000,0x00000000eb300000)
  to   space 19456K, 0% used [0x00000000eba80000,0x00000000eba80000,0x00000000ecd80000)
 ParOldGen       total 81920K, used 20034K [0x0000000081400000, 0x0000000086400000, 0x00000000d5c00000)
  object space 81920K, 24% used [0x0000000081400000,0x0000000082790bf8,0x0000000086400000)
 Metaspace       used 54959K, capacity 59410K, committed 59520K, reserved 1101824K
  class space    used 7818K, capacity 8557K, committed 8576K, reserved 1048576K
Event: 44.792 GC heap after
Heap after GC invocations=20 (full 6):
 PSYoungGen      total 358912K, used 18687K [0x00000000d5c00000, 0x00000000ecd80000, 0x0000000100000000)
  eden space 339456K, 0% used [0x00000000d5c00000,0x00000000d5c00000,0x00000000ea780000)
  from space 19456K, 96% used [0x00000000eba80000,0x00000000eccbfe70,0x00000000ecd80000)
  to   space 512K, 0% used [0x00000000eb280000,0x00000000eb280000,0x00000000eb300000)
 ParOldGen       total 81920K, used 20042K [0x0000000081400000, 0x0000000086400000, 0x00000000d5c00000)
  object space 81920K, 24% used [0x0000000081400000,0x0000000082792bf8,0x0000000086400000)
 Metaspace       used 54959K, capacity 59410K, committed 59520K, reserved 1101824K
  class space    used 7818K, capacity 8557K, committed 8576K, reserved 1048576K
}

