# JRE version: Java(TM) SE Runtime Environment (8.0_131-b11) (build 1.8.0_131-b11)
# Java VM: Java HotSpot(TM) 64-Bit Server VM (25.131-b11 mixed mode windows-amd64 compressed oops)
Heap:
 PSYoungGen      total 262144K, used 67730K [0x00000000d5c00000, 0x00000000eb880000, 0x0000000100000000)
  eden space 242176K, 27% used [0x00000000d5c00000,0x00000000d9e24af0,0x00000000e4880000)
  from space 19968K, 0% used [0x00000000ea500000,0x00000000ea500000,0x00000000eb880000)
  to   space 13312K, 0% used [0x00000000e4880000,0x00000000e4880000,0x00000000e5580000)
 ParOldGen       total 50688K, used 34050K [0x0000000081400000, 0x0000000084580000, 0x00000000d5c00000)
  object space 50688K, 67% used [0x0000000081400000,0x0000000083540a08,0x0000000084580000)
 Metaspace       used 55250K, capacity 59652K, committed 59736K, reserved 1101824K
  class space    used 7869K, capacity 8633K, committed 8704K, reserved 1048576K
GC Heap History (10 events):
Event: 16.455 GC heap before
{Heap before GC invocations=11 (full 2):
 PSYoungGen      total 255488K, used 13304K [0x00000000d5c00000, 0x00000000e6280000, 0x0000000100000000)
  eden space 242176K, 0% used [0x00000000d5c00000,0x00000000d5c00000,0x00000000e4880000)
  from space 13312K, 99% used [0x00000000e4880000,0x00000000e557e050,0x00000000e5580000)
  to   space 10752K, 0% used [0x00000000e5580000,0x00000000e5580000,0x00000000e6000000)
 ParOldGen       total 50688K, used 14841K [0x0000000081400000, 0x0000000084580000, 0x00000000d5c00000)
  object space 50688K, 29% used [0x0000000081400000,0x000000008227e668,0x0000000084580000)
 Metaspace       used 32963K, capacity 35352K, committed 35456K, reserved 1079296K
  class space    used 4484K, capacity 4936K, committed 4992K, reserved 1048576K
Event: 16.553 GC heap after
Heap after GC invocations=11 (full 2):
 PSYoungGen      total 255488K, used 0K [0x00000000d5c00000, 0x00000000e6280000, 0x0000000100000000)
  eden space 242176K, 0% used [0x00000000d5c00000,0x00000000d5c00000,0x00000000e4880000)
  from space 13312K, 0% used [0x00000000e4880000,0x00000000e4880000,0x00000000e5580000)
  to   space 10752K, 0% used [0x00000000e5580000,0x00000000e5580000,0x00000000e6000000)
 ParOldGen       total 50688K, used 22818K [0x0000000081400000, 0x0000000084580000, 0x00000000d5c00000)
  object space 50688K, 45% used [0x0000000081400000,0x0000000082a489f8,0x0000000084580000)
 Metaspace       used 32963K, capacity 35352K, committed 35456K, reserved 1079296K
  class space    used 4484K, capacity 4936K, committed 4992K, reserved 1048576K
}
Event: 26.963 GC heap before
{Heap before GC invocations=12 (full 2):
 PSYoungGen      total 255488K, used 242176K [0x00000000d5c00000, 0x00000000e6280000, 0x0000000100000000)
  eden space 242176K, 100% used [0x00000000d5c00000,0x00000000e4880000,0x00000000e4880000)
  from space 13312K, 0% used [0x00000000e4880000,0x00000000e4880000,0x00000000e5580000)
  to   space 10752K, 0% used [0x00000000e5580000,0x00000000e5580000,0x00000000e6000000)
 ParOldGen       total 50688K, used 22818K [0x0000000081400000, 0x0000000084580000, 0x00000000d5c00000)
  object space 50688K, 45% used [0x0000000081400000,0x0000000082a489f8,0x0000000084580000)
 Metaspace       used 49385K, capacity 52384K, committed 52608K, reserved 1095680K
  class space    used 6851K, capacity 7434K, committed 7552K, reserved 1048576K
Event: 26.991 GC heap after
Heap after GC invocations=12 (full 2):
 PSYoungGen      total 252928K, used 10728K [0x00000000d5c00000, 0x00000000e6280000, 0x0000000100000000)
  eden space 242176K, 0% used [0x00000000d5c00000,0x00000000d5c00000,0x00000000e4880000)
  from space 10752K, 99% used [0x00000000e5580000,0x00000000e5ffa0d8,0x00000000e6000000)
  to   space 13312K, 0% used [0x00000000e4880000,0x00000000e4880000,0x00000000e5580000)
 ParOldGen       total 50688K, used 30600K [0x0000000081400000, 0x0000000084580000, 0x00000000d5c00000)
  object space 50688K, 60% used [0x0000000081400000,0x00000000831e2198,0x0000000084580000)
 Metaspace       used 49385K, capacity 52384K, committed 52608K, reserved 1095680K
  class space    used 6851K, capacity 7434K, committed 7552K, reserved 1048576K
}
Event: 30.110 GC heap before
{Heap before GC invocations=13 (full 2):
 PSYoungGen      total 252928K, used 252904K [0x00000000d5c00000, 0x00000000e6280000, 0x0000000100000000)
  eden space 242176K, 100% used [0x00000000d5c00000,0x00000000e4880000,0x00000000e4880000)
  from space 10752K, 99% used [0x00000000e5580000,0x00000000e5ffa0d8,0x00000000e6000000)
  to   space 13312K, 0% used [0x00000000e4880000,0x00000000e4880000,0x00000000e5580000)
 ParOldGen       total 50688K, used 30600K [0x0000000081400000, 0x0000000084580000, 0x00000000d5c00000)
  object space 50688K, 60% used [0x0000000081400000,0x00000000831e2198,0x0000000084580000)
 Metaspace       used 54192K, capacity 58406K, committed 58624K, reserved 1101824K
  class space    used 7646K, capacity 8375K, committed 8448K, reserved 1048576K
Event: 30.141 GC heap after
Heap after GC invocations=13 (full 2):
 PSYoungGen      total 255488K, used 12770K [0x00000000d5c00000, 0x00000000eb880000, 0x0000000100000000)
  eden space 242176K, 0% used [0x00000000d5c00000,0x00000000d5c00000,0x00000000e4880000)
  from space 13312K, 95% used [0x00000000e4880000,0x00000000e54f88a0,0x00000000e5580000)
  to   space 19968K, 0% used [0x00000000ea500000,0x00000000ea500000,0x00000000eb880000)
 ParOldGen       total 50688K, used 36140K [0x0000000081400000, 0x0000000084580000, 0x00000000d5c00000)
  object space 50688K, 71% used [0x0000000081400000,0x000000008374b238,0x0000000084580000)
 Metaspace       used 54192K, capacity 58406K, committed 58624K, reserved 1101824K
  class space    used 7646K, capacity 8375K, committed 8448K, reserved 1048576K
}
Event: 31.638 GC heap before
{Heap before GC invocations=14 (full 2):
 PSYoungGen      total 255488K, used 38525K [0x00000000d5c00000, 0x00000000eb880000, 0x0000000100000000)
  eden space 242176K, 10% used [0x00000000d5c00000,0x00000000d7526bb8,0x00000000e4880000)
  from space 13312K, 95% used [0x00000000e4880000,0x00000000e54f88a0,0x00000000e5580000)
  to   space 19968K, 0% used [0x00000000ea500000,0x00000000ea500000,0x00000000eb880000)
 ParOldGen       total 50688K, used 36140K [0x0000000081400000, 0x0000000084580000, 0x00000000d5c00000)
  object space 50688K, 71% used [0x0000000081400000,0x000000008374b238,0x0000000084580000)
 Metaspace       used 54698K, capacity 59004K, committed 59096K, reserved 1101824K
  class space    used 7747K, capacity 8502K, committed 8576K, reserved 1048576K
Event: 31.660 GC heap after
Heap after GC invocations=14 (full 2):
 PSYoungGen      total 262144K, used 1088K [0x00000000d5c00000, 0x00000000eb880000, 0x0000000100000000)
  eden space 242176K, 0% used [0x00000000d5c00000,0x00000000d5c00000,0x00000000e4880000)
  from space 19968K, 5% used [0x00000000ea500000,0x00000000ea610000,0x00000000eb880000)
  to   space 13312K, 0% used [0x00000000e4880000,0x00000000e4880000,0x00000000e5580000)
 ParOldGen       total 50688K, used 44900K [0x0000000081400000, 0x0000000084580000, 0x00000000d5c00000)
  object space 50688K, 88% used [0x0000000081400000,0x0000000083fd9258,0x0000000084580000)
 Metaspace       used 54698K, capacity 59004K, committed 59096K, reserved 1101824K
  class space    used 7747K, capacity 8502K, committed 8576K, reserved 1048576K
}
Event: 31.660 GC heap before
{Heap before GC invocations=15 (full 3):
 PSYoungGen      total 262144K, used 1088K [0x00000000d5c00000, 0x00000000eb880000, 0x0000000100000000)
  eden space 242176K, 0% used [0x00000000d5c00000,0x00000000d5c00000,0x00000000e4880000)
  from space 19968K, 5% used [0x00000000ea500000,0x00000000ea610000,0x00000000eb880000)
  to   space 13312K, 0% used [0x00000000e4880000,0x00000000e4880000,0x00000000e5580000)
 ParOldGen       total 50688K, used 44900K [0x0000000081400000, 0x0000000084580000, 0x00000000d5c00000)
  object space 50688K, 88% used [0x0000000081400000,0x0000000083fd9258,0x0000000084580000)
 Metaspace       used 54698K, capacity 59004K, committed 59096K, reserved 1101824K
  class space    used 7747K, capacity 8502K, committed 8576K, reserved 1048576K
Event: 32.049 GC heap after
Heap after GC invocations=15 (full 3):
 PSYoungGen      total 262144K, used 0K [0x00000000d5c00000, 0x00000000eb880000, 0x0000000100000000)
  eden space 242176K, 0% used [0x00000000d5c00000,0x00000000d5c00000,0x00000000e4880000)
  from space 19968K, 0% used [0x00000000ea500000,0x00000000ea500000,0x00000000eb880000)
  to   space 13312K, 0% used [0x00000000e4880000,0x00000000e4880000,0x00000000e5580000)
 ParOldGen       total 50688K, used 34050K [0x0000000081400000, 0x0000000084580000, 0x00000000d5c00000)
  object space 50688K, 67% used [0x0000000081400000,0x0000000083540a08,0x0000000084580000)
 Metaspace       used 54698K, capacity 59004K, committed 59096K, reserved 1101824K
  class space    used 7747K, capacity 8502K, committed 8576K, reserved 1048576K
}

